#
# A fatal error has been detected by the Java Runtime Environment:
#
#  SIGSEGV (0xb) at pc=0xb4b344eb, pid=23650, tid=3079330672
#
# JRE version: 6.0_23-b23
# Java VM: OpenJDK Server VM (20.0-b11 mixed mode linux-x86 )
# Derivative: IcedTea6 1.11pre
# Distribution: Ubuntu 11.10, package 6b23~pre11-0ubuntu1.11.10.1
# Problematic frame:
# J  org.apache.fop.layoutmgr.inline.LineLayoutManager.collectInlineKnuthElements(Lorg/apache/fop/layoutmgr/LayoutContext;)V
#
# If you would like to submit a bug report, please include
# instructions how to reproduce the bug and visit:
#   https://bugs.launchpad.net/ubuntu/+source/openjdk-6/
#

---------------  T H R E A D  ---------------

Current thread (0x08354c00):  JavaThread "main" [_thread_in_Java, id=23657, stack(0xb785d000,0xb78ae000)]

siginfo:si_signo=SIGSEGV: si_errno=0, si_code=128 (), si_addr=0x00000000

Registers:
EAX=0x00000005, EBX=0x00000005, ECX=0x08354c00, EDX=0x00000017
ESP=0xb78ac690, EBP=0x795f1e78, ESI=0xa37b0968, EDI=0x08354c05
EIP=0xb4b344eb, EFLAGS=0x00210206, CR2=0xb78c6000

Top of Stack: (sp=0xb78ac690)
0xb78ac690:   0000004f 00000006 819664d8 b78ac69c
0xb78ac6a0:   79f8b0f4 a37b0958 08354c00 a37b08e8
0xb78ac6b0:   79f8b118 00000000 b78ac6f0 b4860005
0xb78ac6c0:   b4860047 a37b0278 819664d8 a37b07d0
0xb78ac6d0:   b78ac6d0 79f8935d b78ac704 79f8aa38
0xb78ac6e0:   00000000 79f893b8 00000000 b78ac6f8
0xb78ac6f0:   b78ac730 b485fee1 b78ac730 b485fee1
0xb78ac700:   b485fee1 b485fee1 a37b0428 a37b0278 

Instructions: (pc=0xb4b344eb)
0xb4b344cb:   78 00 83 ff 05 0f 85 d7 32 00 00 8b 5d 64 8b fb
0xb4b344db:   8b 4c 24 18 0b f9 8b cf 33 c8 f7 c1 87 ff ff ff
0xb4b344eb:   0f 85 1f 33 00 00 bd 07 00 00 00 8b 4c 24 14 ba
0xb4b344fb:   08 cc f8 79 e8 dc 5b d5 ff 8b 5c 24 14 23 2b 83 

Register to memory mapping:

EAX=0x00000005 is an unknown value
EBX=0x00000005 is an unknown value
ECX=0x08354c00 is a thread
EDX=0x00000017 is an unknown value
ESP=0xb78ac690 is pointing into the stack for thread: 0x08354c00
EBP=0x795f1e78 is an oop
{instance class} 
 - klass: {other class}
ESI=0xa37b0968 is an oop
[C 
 - klass: {type array char}
 - length: 23
EDI=0x08354c05 is an unknown value


Stack: [0xb785d000,0xb78ae000],  sp=0xb78ac690,  free space=317k
Native frames: (J=compiled Java code, j=interpreted, Vv=VM code, C=native code)
J  org.apache.fop.layoutmgr.inline.LineLayoutManager.collectInlineKnuthElements(Lorg/apache/fop/layoutmgr/LayoutContext;)V


---------------  P R O C E S S  ---------------

Java Threads: ( => current thread )
  0x757f8800 JavaThread "Java2D Disposer" daemon [_thread_blocked, id=23668, stack(0x74aaf000,0x74b00000)]
  0x78d15800 JavaThread "Low Memory Detector" daemon [_thread_blocked, id=23666, stack(0x7895c000,0x789ad000)]
  0x78d13800 JavaThread "C2 CompilerThread1" daemon [_thread_blocked, id=23665, stack(0x789ad000,0x78a2e000)]
  0x78d11800 JavaThread "C2 CompilerThread0" daemon [_thread_in_native, id=23664, stack(0x78a2e000,0x78aaf000)]
  0x78d10000 JavaThread "Signal Dispatcher" daemon [_thread_blocked, id=23663, stack(0x78aaf000,0x78b00000)]
  0x78d00800 JavaThread "Finalizer" daemon [_thread_blocked, id=23662, stack(0x78e7c000,0x78ecd000)]
  0x083dd400 JavaThread "Reference Handler" daemon [_thread_blocked, id=23661, stack(0x78ecd000,0x78f1e000)]
=>0x08354c00 JavaThread "main" [_thread_in_Java, id=23657, stack(0xb785d000,0xb78ae000)]

Other Threads:
  0x083d9400 VMThread [stack: 0x78f1e000,0x78f9f000] [id=23660]
  0x78d17400 WatcherThread [stack: 0x788db000,0x7895c000] [id=23667]

VM state:synchronizing (normal execution)

VM Mutex/Monitor currently owned by a thread:  ([mutex/lock_event])
[0x08352548] Safepoint_lock - owner thread: 0x083d9400
[0x083525b0] Threads_lock - owner thread: 0x083d9400

Heap
 PSYoungGen      total 142464K, used 7257K [0xa36f0000, 0xaec40000, 0xb4790000)
  eden space 137920K, 2% used [0xa36f0000,0xa39a2188,0xabda0000)
  from space 4544K, 98% used [0xae7d0000,0xaec344c0,0xaec40000)
  to   space 23360K, 0% used [0xabea0000,0xabea0000,0xad570000)
 PSOldGen        total 45120K, used 19570K [0x81590000, 0x841a0000, 0xa36f0000)
  object space 45120K, 43% used [0x81590000,0x828acb08,0x841a0000)
 PSPermGen       total 23552K, used 12084K [0x79590000, 0x7ac90000, 0x81590000)
  object space 23552K, 51% used [0x79590000,0x7a15d3d8,0x7ac90000)

Code Cache  [0xb485d000, 0xb4b45000, 0xb785d000)
 total_blobs=1013 nmethods=853 adapters=113 free_code_cache=47392192 largest_free_block=35264

Dynamic libraries:
00110000-00118000 r-xp 00000000 08:11 1573834    /lib/i386-linux-gnu/libnss_compat-2.13.so
00118000-00119000 r--p 00007000 08:11 1573834    /lib/i386-linux-gnu/libnss_compat-2.13.so
00119000-0011a000 rw-p 00008000 08:11 1573834    /lib/i386-linux-gnu/libnss_compat-2.13.so
0011a000-0012f000 r-xp 00000000 08:11 1573832    /lib/i386-linux-gnu/libnsl-2.13.so
0012f000-00130000 r--p 00015000 08:11 1573832    /lib/i386-linux-gnu/libnsl-2.13.so
00130000-00131000 rw-p 00016000 08:11 1573832    /lib/i386-linux-gnu/libnsl-2.13.so
00131000-00133000 rw-p 00000000 00:00 0 
00133000-0013d000 r-xp 00000000 08:11 1573842    /lib/i386-linux-gnu/libnss_nis-2.13.so
0013d000-0013e000 r--p 00009000 08:11 1573842    /lib/i386-linux-gnu/libnss_nis-2.13.so
0013e000-0013f000 rw-p 0000a000 08:11 1573842    /lib/i386-linux-gnu/libnss_nis-2.13.so
0013f000-0018b000 r-xp 00000000 08:11 393473     /usr/lib/jvm/java-6-openjdk/jre/lib/i386/xawt/libmawt.so
0018b000-0018c000 r--p 0004b000 08:11 393473     /usr/lib/jvm/java-6-openjdk/jre/lib/i386/xawt/libmawt.so
0018c000-0018e000 rw-p 0004c000 08:11 393473     /usr/lib/jvm/java-6-openjdk/jre/lib/i386/xawt/libmawt.so
0018e000-0018f000 rw-p 00000000 00:00 0 
0018f000-001a0000 r-xp 00000000 08:11 398462     /usr/lib/i386-linux-gnu/libXext.so.6.4.0
001a0000-001a1000 r--p 00010000 08:11 398462     /usr/lib/i386-linux-gnu/libXext.so.6.4.0
001a1000-001a2000 rw-p 00011000 08:11 398462     /usr/lib/i386-linux-gnu/libXext.so.6.4.0
001a2000-001a7000 r-xp 00000000 08:11 396012     /usr/lib/libXtst.so.6.1.0
001a7000-001a8000 r--p 00004000 08:11 396012     /usr/lib/libXtst.so.6.1.0
001a8000-001a9000 rw-p 00005000 08:11 396012     /usr/lib/libXtst.so.6.1.0
001a9000-001aa000 r-xp 00000000 00:00 0          [vdso]
001aa000-001b8000 r-xp 00000000 08:11 398468     /usr/lib/i386-linux-gnu/libXi.so.6.1.0
001b8000-001b9000 r--p 0000d000 08:11 398468     /usr/lib/i386-linux-gnu/libXi.so.6.1.0
001b9000-001ba000 rw-p 0000e000 08:11 398468     /usr/lib/i386-linux-gnu/libXi.so.6.1.0
001ba000-001d7000 r-xp 00000000 08:11 398748     /usr/lib/i386-linux-gnu/libxcb.so.1.1.0
001d7000-001d8000 r--p 0001c000 08:11 398748     /usr/lib/i386-linux-gnu/libxcb.so.1.1.0
001d8000-001d9000 rw-p 0001d000 08:11 398748     /usr/lib/i386-linux-gnu/libxcb.so.1.1.0
001d9000-001de000 r-xp 00000000 08:11 398460     /usr/lib/i386-linux-gnu/libXdmcp.so.6.0.0
001de000-001df000 r--p 00004000 08:11 398460     /usr/lib/i386-linux-gnu/libXdmcp.so.6.0.0
001df000-001e0000 rw-p 00005000 08:11 398460     /usr/lib/i386-linux-gnu/libXdmcp.so.6.0.0
001e0000-001ea000 r-xp 00000000 08:11 418862     /usr/lib/jvm/java-6-openjdk/jre/lib/i386/libjpeg.so
001ea000-001eb000 r--p 00009000 08:11 418862     /usr/lib/jvm/java-6-openjdk/jre/lib/i386/libjpeg.so
001eb000-001ec000 rw-p 0000a000 08:11 418862     /usr/lib/jvm/java-6-openjdk/jre/lib/i386/libjpeg.so
001f3000-001f6000 r-xp 00000000 08:11 1573808    /lib/i386-linux-gnu/libdl-2.13.so
001f6000-001f7000 r--p 00002000 08:11 1573808    /lib/i386-linux-gnu/libdl-2.13.so
001f7000-001f8000 rw-p 00003000 08:11 1573808    /lib/i386-linux-gnu/libdl-2.13.so
001f8000-002d6000 r-xp 00000000 08:11 398715     /usr/lib/i386-linux-gnu/libstdc++.so.6.0.16
002d6000-002d7000 ---p 000de000 08:11 398715     /usr/lib/i386-linux-gnu/libstdc++.so.6.0.16
002d7000-002db000 r--p 000de000 08:11 398715     /usr/lib/i386-linux-gnu/libstdc++.so.6.0.16
002db000-002dc000 rw-p 000e2000 08:11 398715     /usr/lib/i386-linux-gnu/libstdc++.so.6.0.16
002dc000-002e3000 rw-p 00000000 00:00 0 
002f4000-0030b000 r-xp 00000000 08:11 1573857    /lib/i386-linux-gnu/libpthread-2.13.so
0030b000-0030c000 r--p 00016000 08:11 1573857    /lib/i386-linux-gnu/libpthread-2.13.so
0030c000-0030d000 rw-p 00017000 08:11 1573857    /lib/i386-linux-gnu/libpthread-2.13.so
0030d000-0030f000 rw-p 00000000 00:00 0 
0030f000-00485000 r-xp 00000000 08:11 1573797    /lib/i386-linux-gnu/libc-2.13.so
00485000-00487000 r--p 00176000 08:11 1573797    /lib/i386-linux-gnu/libc-2.13.so
00487000-00488000 rw-p 00178000 08:11 1573797    /lib/i386-linux-gnu/libc-2.13.so
00488000-0048b000 rw-p 00000000 00:00 0 
0048b000-004bf000 r-xp 00000000 08:11 418869     /usr/lib/jvm/java-6-openjdk/jre/lib/i386/liblcms.so
004bf000-004c0000 r--p 00033000 08:11 418869     /usr/lib/jvm/java-6-openjdk/jre/lib/i386/liblcms.so
004c0000-004c1000 rw-p 00034000 08:11 418869     /usr/lib/jvm/java-6-openjdk/jre/lib/i386/liblcms.so
004c1000-004c3000 rw-p 00000000 00:00 0 
004d7000-004f5000 r-xp 00000000 08:11 1573784    /lib/i386-linux-gnu/ld-2.13.so
004f5000-004f6000 r--p 0001d000 08:11 1573784    /lib/i386-linux-gnu/ld-2.13.so
004f6000-004f7000 rw-p 0001e000 08:11 1573784    /lib/i386-linux-gnu/ld-2.13.so
0057e000-00589000 r-xp 00000000 08:11 1573838    /lib/i386-linux-gnu/libnss_files-2.13.so
00589000-0058a000 r--p 0000a000 08:11 1573838    /lib/i386-linux-gnu/libnss_files-2.13.so
0058a000-0058b000 rw-p 0000b000 08:11 1573838    /lib/i386-linux-gnu/libnss_files-2.13.so
0058b000-006bc000 r-xp 00000000 08:11 398450     /usr/lib/i386-linux-gnu/libX11.so.6.3.0
006bc000-006bd000 ---p 00131000 08:11 398450     /usr/lib/i386-linux-gnu/libX11.so.6.3.0
006bd000-006be000 r--p 00131000 08:11 398450     /usr/lib/i386-linux-gnu/libX11.so.6.3.0
006be000-006c0000 rw-p 00132000 08:11 398450     /usr/lib/i386-linux-gnu/libX11.so.6.3.0
006c0000-006c1000 rw-p 00000000 00:00 0 
0071d000-00726000 r-xp 00000000 08:11 398474     /usr/lib/i386-linux-gnu/libXrender.so.1.3.0
00726000-00727000 r--p 00008000 08:11 398474     /usr/lib/i386-linux-gnu/libXrender.so.1.3.0
00727000-00728000 rw-p 00009000 08:11 398474     /usr/lib/i386-linux-gnu/libXrender.so.1.3.0
0073c000-0073e000 r-xp 00000000 08:11 398452     /usr/lib/i386-linux-gnu/libXau.so.6.0.0
0073e000-0073f000 r--p 00001000 08:11 398452     /usr/lib/i386-linux-gnu/libXau.so.6.0.0
0073f000-00740000 rw-p 00002000 08:11 398452     /usr/lib/i386-linux-gnu/libXau.so.6.0.0
00767000-00783000 r-xp 00000000 08:11 1573818    /lib/i386-linux-gnu/libgcc_s.so.1
00783000-00784000 r--p 0001b000 08:11 1573818    /lib/i386-linux-gnu/libgcc_s.so.1
00784000-00785000 rw-p 0001c000 08:11 1573818    /lib/i386-linux-gnu/libgcc_s.so.1
007e0000-00873000 r-xp 00000000 08:11 409783     /usr/lib/jvm/java-6-openjdk/jre/lib/i386/libawt.so
00873000-00874000 r--p 00092000 08:11 409783     /usr/lib/jvm/java-6-openjdk/jre/lib/i386/libawt.so
00874000-0087b000 rw-p 00093000 08:11 409783     /usr/lib/jvm/java-6-openjdk/jre/lib/i386/libawt.so
0087b000-0089f000 rw-p 00000000 00:00 0 
008b4000-008da000 r-xp 00000000 08:11 409780     /usr/lib/jvm/java-6-openjdk/jre/lib/i386/libjava.so
008da000-008db000 r--p 00025000 08:11 409780     /usr/lib/jvm/java-6-openjdk/jre/lib/i386/libjava.so
008db000-008dd000 rw-p 00026000 08:11 409780     /usr/lib/jvm/java-6-openjdk/jre/lib/i386/libjava.so
00a1a000-00a42000 r-xp 00000000 08:11 1573827    /lib/i386-linux-gnu/libm-2.13.so
00a42000-00a43000 r--p 00028000 08:11 1573827    /lib/i386-linux-gnu/libm-2.13.so
00a43000-00a44000 rw-p 00029000 08:11 1573827    /lib/i386-linux-gnu/libm-2.13.so
00a69000-00a70000 r-xp 00000000 08:11 418857     /usr/lib/jvm/java-6-openjdk/jre/lib/i386/libzip.so
00a70000-00a71000 r--p 00006000 08:11 418857     /usr/lib/jvm/java-6-openjdk/jre/lib/i386/libzip.so
00a71000-00a72000 rw-p 00007000 08:11 418857     /usr/lib/jvm/java-6-openjdk/jre/lib/i386/libzip.so
00b67000-00b72000 r-xp 00000000 08:11 418875     /usr/lib/jvm/java-6-openjdk/jre/lib/i386/libverify.so
00b72000-00b73000 ---p 0000b000 08:11 418875     /usr/lib/jvm/java-6-openjdk/jre/lib/i386/libverify.so
00b73000-00b74000 r--p 0000b000 08:11 418875     /usr/lib/jvm/java-6-openjdk/jre/lib/i386/libverify.so
00b74000-00b75000 rw-p 0000c000 08:11 418875     /usr/lib/jvm/java-6-openjdk/jre/lib/i386/libverify.so
00cc1000-00cd4000 r-xp 00000000 08:11 1573880    /lib/i386-linux-gnu/libz.so.1.2.3.4
00cd4000-00cd5000 r--p 00012000 08:11 1573880    /lib/i386-linux-gnu/libz.so.1.2.3.4
00cd5000-00cd6000 rw-p 00013000 08:11 1573880    /lib/i386-linux-gnu/libz.so.1.2.3.4
00d36000-00d3d000 r-xp 00000000 08:11 1573861    /lib/i386-linux-gnu/librt-2.13.so
00d3d000-00d3e000 r--p 00006000 08:11 1573861    /lib/i386-linux-gnu/librt-2.13.so
00d3e000-00d3f000 rw-p 00007000 08:11 1573861    /lib/i386-linux-gnu/librt-2.13.so
00dff000-00e03000 r-xp 00000000 08:11 418860     /usr/lib/jvm/java-6-openjdk/jre/lib/i386/jli/libjli.so
00e03000-00e04000 r--p 00003000 08:11 418860     /usr/lib/jvm/java-6-openjdk/jre/lib/i386/jli/libjli.so
00e04000-00e05000 rw-p 00004000 08:11 418860     /usr/lib/jvm/java-6-openjdk/jre/lib/i386/jli/libjli.so
00e05000-01623000 r-xp 00000000 08:11 418867     /usr/lib/jvm/java-6-openjdk/jre/lib/i386/server/libjvm.so
01623000-01668000 r--p 0081e000 08:11 418867     /usr/lib/jvm/java-6-openjdk/jre/lib/i386/server/libjvm.so
01668000-01677000 rw-p 00863000 08:11 418867     /usr/lib/jvm/java-6-openjdk/jre/lib/i386/server/libjvm.so
01677000-01a91000 rw-p 00000000 00:00 0 
08048000-08051000 r-xp 00000000 08:11 397908     /usr/lib/jvm/java-6-openjdk/jre/bin/java
08051000-08052000 r--p 00008000 08:11 397908     /usr/lib/jvm/java-6-openjdk/jre/bin/java
08052000-08053000 rw-p 00009000 08:11 397908     /usr/lib/jvm/java-6-openjdk/jre/bin/java
0834d000-0a073000 rw-p 00000000 00:00 0          [heap]
71a5a000-71b00000 rw-p 00000000 00:00 0 
71d00000-71dea000 rw-p 00000000 00:00 0 
71dea000-71e00000 ---p 00000000 00:00 0 
71e63000-71f00000 rw-p 00000000 00:00 0 
71f00000-71fe0000 rw-p 00000000 00:00 0 
71fe0000-72000000 ---p 00000000 00:00 0 
72000000-720fb000 rw-p 00000000 00:00 0 
720fb000-72100000 ---p 00000000 00:00 0 
72100000-722f0000 rw-p 00000000 00:00 0 
722f0000-72300000 ---p 00000000 00:00 0 
72300000-723e8000 rw-p 00000000 00:00 0 
723e8000-72400000 ---p 00000000 00:00 0 
72400000-72600000 rw-p 00000000 00:00 0 
72600000-72800000 rw-p 00000000 00:00 0 
72800000-72a00000 rw-p 00000000 00:00 0 
72a00000-72c00000 rw-p 00000000 00:00 0 
72c00000-72e00000 rw-p 00000000 00:00 0 
72e00000-73000000 rw-p 00000000 00:00 0 
73000000-73200000 rw-p 00000000 00:00 0 
73200000-73400000 rw-p 00000000 00:00 0 
73400000-73600000 rw-p 00000000 00:00 0 
73600000-73800000 rw-p 00000000 00:00 0 
73800000-73a00000 rw-p 00000000 00:00 0 
73a00000-73c00000 rw-p 00000000 00:00 0 
73c00000-73e00000 rw-p 00000000 00:00 0 
73e00000-74000000 rw-p 00000000 00:00 0 
74000000-74200000 rw-p 00000000 00:00 0 
74200000-74400000 rw-p 00000000 00:00 0 
74400000-74600000 rw-p 00000000 00:00 0 
74600000-74800000 rw-p 00000000 00:00 0 
74800000-748fd000 rw-p 00000000 00:00 0 
748fd000-74900000 ---p 00000000 00:00 0 
74900000-749fe000 rw-p 00000000 00:00 0 
749fe000-74a00000 ---p 00000000 00:00 0 
74a0a000-74aaf000 rw-p 00000000 00:00 0 
74aaf000-74ab2000 ---p 00000000 00:00 0 
74ab2000-74b00000 rw-p 00000000 00:00 0 
74b00000-74bfb000 rw-p 00000000 00:00 0 
74bfb000-74c00000 ---p 00000000 00:00 0 
74c00000-74cfe000 rw-p 00000000 00:00 0 
74cfe000-74d00000 ---p 00000000 00:00 0 
74d00000-74df9000 rw-p 00000000 00:00 0 
74df9000-74e00000 ---p 00000000 00:00 0 
74e00000-74ef8000 rw-p 00000000 00:00 0 
74ef8000-74f00000 ---p 00000000 00:00 0 
74f00000-74ff9000 rw-p 00000000 00:00 0 
74ff9000-75000000 ---p 00000000 00:00 0 
75000000-750f9000 rw-p 00000000 00:00 0 
750f9000-75100000 ---p 00000000 00:00 0 
75100000-751f9000 rw-p 00000000 00:00 0 
751f9000-75200000 ---p 00000000 00:00 0 
75200000-752f9000 rw-p 00000000 00:00 0 
752f9000-75300000 ---p 00000000 00:00 0 
75300000-753f9000 rw-p 00000000 00:00 0 
753f9000-75400000 ---p 00000000 00:00 0 
75400000-754f9000 rw-p 00000000 00:00 0 
754f9000-75500000 ---p 00000000 00:00 0 
75500000-755f9000 rw-p 00000000 00:00 0 
755f9000-75600000 ---p 00000000 00:00 0 
75600000-756f9000 rw-p 00000000 00:00 0 
756f9000-75700000 ---p 00000000 00:00 0 
75700000-757f9000 rw-p 00000000 00:00 0 
757f9000-75800000 ---p 00000000 00:00 0 
75800000-758f9000 rw-p 00000000 00:00 0 
758f9000-75900000 ---p 00000000 00:00 0 
75900000-759f9000 rw-p 00000000 00:00 0 
759f9000-75a00000 ---p 00000000 00:00 0 
75a00000-75af9000 rw-p 00000000 00:00 0 
75af9000-75b00000 ---p 00000000 00:00 0 
75b00000-75bf9000 rw-p 00000000 00:00 0 
75bf9000-75c00000 ---p 00000000 00:00 0 
75c00000-75cf9000 rw-p 00000000 00:00 0 
75cf9000-75d00000 ---p 00000000 00:00 0 
75d00000-75df9000 rw-p 00000000 00:00 0 
75df9000-75e00000 ---p 00000000 00:00 0 
75e00000-75ef9000 rw-p 00000000 00:00 0 
75ef9000-75f00000 ---p 00000000 00:00 0 
75f00000-75ff9000 rw-p 00000000 00:00 0 
75ff9000-76000000 ---p 00000000 00:00 0 
76000000-760f9000 rw-p 00000000 00:00 0 
760f9000-76100000 ---p 00000000 00:00 0 
76100000-761f9000 rw-p 00000000 00:00 0 
761f9000-76200000 ---p 00000000 00:00 0 
76200000-762f9000 rw-p 00000000 00:00 0 
762f9000-76300000 ---p 00000000 00:00 0 
76300000-763f9000 rw-p 00000000 00:00 0 
763f9000-76400000 ---p 00000000 00:00 0 
76400000-764f9000 rw-p 00000000 00:00 0 
764f9000-76500000 ---p 00000000 00:00 0 
76500000-765f9000 rw-p 00000000 00:00 0 
765f9000-76600000 ---p 00000000 00:00 0 
76600000-766f9000 rw-p 00000000 00:00 0 
766f9000-76700000 ---p 00000000 00:00 0 
76700000-767f9000 rw-p 00000000 00:00 0 
767f9000-76800000 ---p 00000000 00:00 0 
76800000-768f9000 rw-p 00000000 00:00 0 
768f9000-76900000 ---p 00000000 00:00 0 
76900000-769f9000 rw-p 00000000 00:00 0 
769f9000-76a00000 ---p 00000000 00:00 0 
76a00000-76af9000 rw-p 00000000 00:00 0 
76af9000-76b00000 ---p 00000000 00:00 0 
76b00000-76bf9000 rw-p 00000000 00:00 0 
76bf9000-76c00000 ---p 00000000 00:00 0 
76c00000-76cf9000 rw-p 00000000 00:00 0 
76cf9000-76d00000 ---p 00000000 00:00 0 
76d00000-76df9000 rw-p 00000000 00:00 0 
76df9000-76e00000 ---p 00000000 00:00 0 
76e00000-76ef9000 rw-p 00000000 00:00 0 
76ef9000-76f00000 ---p 00000000 00:00 0 
76f00000-76ff9000 rw-p 00000000 00:00 0 
76ff9000-77000000 ---p 00000000 00:00 0 
77000000-770f9000 rw-p 00000000 00:00 0 
770f9000-77100000 ---p 00000000 00:00 0 
77100000-771f9000 rw-p 00000000 00:00 0 
771f9000-77200000 ---p 00000000 00:00 0 
77200000-772f9000 rw-p 00000000 00:00 0 
772f9000-77300000 ---p 00000000 00:00 0 
77300000-773f9000 rw-p 00000000 00:00 0 
773f9000-77400000 ---p 00000000 00:00 0 
77400000-774f9000 rw-p 00000000 00:00 0 
774f9000-77500000 ---p 00000000 00:00 0 
77500000-775f9000 rw-p 00000000 00:00 0 
775f9000-77600000 ---p 00000000 00:00 0 
77600000-776f9000 rw-p 00000000 00:00 0 
776f9000-77700000 ---p 00000000 00:00 0 
77700000-777f9000 rw-p 00000000 00:00 0 
777f9000-77800000 ---p 00000000 00:00 0 
77800000-778f9000 rw-p 00000000 00:00 0 
778f9000-77900000 ---p 00000000 00:00 0 
77900000-779f9000 rw-p 00000000 00:00 0 
779f9000-77a00000 ---p 00000000 00:00 0 
77a00000-77af9000 rw-p 00000000 00:00 0 
77af9000-77b00000 ---p 00000000 00:00 0 
77b00000-77d00000 rw-p 00000000 00:00 0 
77d00000-77f00000 rw-p 00000000 00:00 0 
77f00000-78100000 rw-p 00000000 00:00 0 
78100000-78300000 rw-p 00000000 00:00 0 
78300000-78500000 rw-p 00000000 00:00 0 
78500000-78700000 rw-p 00000000 00:00 0 
78700000-78800000 rw-p 00000000 00:00 0 
7883c000-7886b000 r--s 002c1000 08:01 13549866   /home/giorgio/code/phpunit-documentation/build/fop/build/fop.jar
7886b000-788b7000 r--s 002df000 08:01 13582390   /home/giorgio/code/phpunit-documentation/build/fop/lib/batik-all-1.7.jar
788b7000-788db000 r--s 002cc000 08:01 13582422   /home/giorgio/code/phpunit-documentation/build/fop/lib/xalan-2.7.0.jar
788db000-788dc000 ---p 00000000 00:00 0 
788dc000-7895c000 rw-p 00000000 00:00 0 
7895c000-7895f000 ---p 00000000 00:00 0 
7895f000-789ad000 rw-p 00000000 00:00 0 
789ad000-789b0000 ---p 00000000 00:00 0 
789b0000-78a2e000 rw-p 00000000 00:00 0 
78a2e000-78a31000 ---p 00000000 00:00 0 
78a31000-78aaf000 rw-p 00000000 00:00 0 
78aaf000-78ab2000 ---p 00000000 00:00 0 
78ab2000-78b00000 rw-p 00000000 00:00 0 
78b00000-78d00000 r--p 00000000 08:11 400400     /usr/lib/locale/locale-archive
78d00000-78dfe000 rw-p 00000000 00:00 0 
78dfe000-78e00000 ---p 00000000 00:00 0 
78e03000-78e06000 r--s 00077000 08:11 418844     /usr/lib/jvm/java-6-openjdk/jre/lib/ext/localedata.jar
78e06000-78e0d000 r--s 000fb000 08:11 418854     /usr/lib/jvm/java-6-openjdk/jre/lib/resources.jar
78e0d000-78e10000 r--s 0007d000 08:11 418823     /usr/lib/jvm/java-6-openjdk/jre/lib/jsse.jar
78e10000-78e14000 r--s 00011000 08:01 13582366   /home/giorgio/code/phpunit-documentation/build/fop/lib/avalon-framework-4.2.0.jar
78e14000-78e18000 r--s 0002b000 08:01 13582411   /home/giorgio/code/phpunit-documentation/build/fop/lib/serializer-2.7.0.jar
78e18000-78e2e000 r--s 00110000 08:01 13582429   /home/giorgio/code/phpunit-documentation/build/fop/lib/xercesImpl-2.7.1.jar
78e2e000-78e36000 r--s 00028000 08:01 13582432   /home/giorgio/code/phpunit-documentation/build/fop/lib/xml-apis-1.3.04.jar
78e36000-78e3b000 r--s 00010000 08:01 13582433   /home/giorgio/code/phpunit-documentation/build/fop/lib/xml-apis-ext-1.3.04.jar
78e3b000-78e3c000 r--p 0043a000 08:11 400400     /usr/lib/locale/locale-archive
78e3c000-78e7c000 r--p 002bd000 08:11 400400     /usr/lib/locale/locale-archive
78e7c000-78e7f000 ---p 00000000 00:00 0 
78e7f000-78ecd000 rw-p 00000000 00:00 0 
78ecd000-78ed0000 ---p 00000000 00:00 0 
78ed0000-78f1e000 rw-p 00000000 00:00 0 
78f1e000-78f1f000 ---p 00000000 00:00 0 
78f1f000-78fd2000 rw-p 00000000 00:00 0 
78fd2000-79163000 r--s 037b8000 08:11 418886     /usr/lib/jvm/java-6-openjdk/jre/lib/rt.jar
79163000-79164000 ---p 00000000 00:00 0 
79164000-791e4000 rw-p 00000000 00:00 0 
791e4000-791e5000 ---p 00000000 00:00 0 
791e5000-79271000 rw-p 00000000 00:00 0 
79271000-792a5000 rw-p 00000000 00:00 0 
792a5000-792bc000 rw-p 00000000 00:00 0 
792bc000-793b6000 rw-p 00000000 00:00 0 
793b6000-793c2000 rw-p 00000000 00:00 0 
793c2000-793f6000 rw-p 00000000 00:00 0 
793f6000-7940d000 rw-p 00000000 00:00 0 
7940d000-79506000 rw-p 00000000 00:00 0 
79506000-79562000 rw-p 00000000 00:00 0 
79562000-7956b000 ---p 00000000 00:00 0 
7956b000-7958f000 rw-p 00000000 00:00 0 
7958f000-7ac90000 rw-p 00000000 00:00 0 
7ac90000-81590000 rw-p 00000000 00:00 0 
81590000-841a0000 rw-p 00000000 00:00 0 
841a0000-a36f0000 rw-p 00000000 00:00 0 
a36f0000-aec40000 rw-p 00000000 00:00 0 
aec40000-aff70000 ---p 00000000 00:00 0 
aff70000-b4790000 rw-p 00000000 00:00 0 
b4790000-b4793000 r--s 00012000 08:01 13582393   /home/giorgio/code/phpunit-documentation/build/fop/lib/commons-io-1.3.1.jar
b4793000-b479d000 r--s 00081000 08:01 13582445   /home/giorgio/code/phpunit-documentation/build/fop/lib/xmlgraphics-commons-1.4.jar
b479d000-b47a9000 rw-p 00000000 00:00 0 
b47a9000-b485d000 rw-p 00000000 00:00 0 
b485d000-b4b45000 rwxp 00000000 00:00 0 
b4b45000-b785d000 rw-p 00000000 00:00 0 
b785d000-b7860000 ---p 00000000 00:00 0 
b7860000-b78b1000 rw-p 00000000 00:00 0 
b78b1000-b78b3000 r--s 00008000 08:01 13582408   /home/giorgio/code/phpunit-documentation/build/fop/lib/commons-logging-1.0.4.jar
b78b3000-b78b5000 r--s 0000f000 08:11 418848     /usr/lib/jvm/java-6-openjdk/jre/lib/ext/pulse-java.jar
b78b5000-b78bd000 r--s 00066000 08:11 790953     /usr/share/java/gnome-java-bridge.jar
b78bd000-b78c5000 rw-s 00000000 08:11 2760808    /tmp/hsperfdata_giorgio/23650
b78c5000-b78c6000 rw-p 00000000 00:00 0 
b78c6000-b78c7000 ---p 00000000 00:00 0 
b78c7000-b78c9000 rw-p 00000000 00:00 0 
bfc42000-bfc63000 rw-p 00000000 00:00 0          [stack]

VM Arguments:
java_command: org.apache.fop.cli.Main -fo output/3.6/en/phpunit-book.fo -pdf output/3.6/en/phpunit-book.pdf
Launcher Type: SUN_STANDARD

Environment Variables:
JAVA_HOME=/usr
PATH=~/bin:~/maven/bin:~/sweet/bin:/usr/lib/lightdm/lightdm:/usr/local/sbin:/usr/local/bin:/usr/sbin:/usr/bin:/sbin:/bin:/usr/games:/home/giorgio/omnet_token_ring/omnetpp-4.2/bin:/home/giorgio/android-sdk-linux/tools:/home/giorgio/android-sdk-linux/platform-tools
USERNAME=giorgio
LD_LIBRARY_PATH=/usr/lib/jvm/java-6-openjdk/jre/lib/i386/server:/usr/lib/jvm/java-6-openjdk/jre/lib/i386:/usr/lib/jvm/java-6-openjdk/jre/../lib/i386
SHELL=/bin/bash
DISPLAY=:0.0

Signal Handlers:
SIGSEGV: [libjvm.so+0x66a530], sa_mask[0]=0x7ffbfeff, sa_flags=0x10000004
SIGBUS: [libjvm.so+0x66a530], sa_mask[0]=0x7ffbfeff, sa_flags=0x10000004
SIGFPE: [libjvm.so+0x52e2c0], sa_mask[0]=0x7ffbfeff, sa_flags=0x10000004
SIGPIPE: [libjvm.so+0x52e2c0], sa_mask[0]=0x7ffbfeff, sa_flags=0x10000004
SIGXFSZ: [libjvm.so+0x52e2c0], sa_mask[0]=0x7ffbfeff, sa_flags=0x10000004
SIGILL: [libjvm.so+0x52e2c0], sa_mask[0]=0x7ffbfeff, sa_flags=0x10000004
SIGUSR1: SIG_DFL, sa_mask[0]=0x00000000, sa_flags=0x00000000
SIGUSR2: [libjvm.so+0x52e150], sa_mask[0]=0x00000004, sa_flags=0x10000004
SIGHUP: [libjvm.so+0x5311f0], sa_mask[0]=0x7ffbfeff, sa_flags=0x10000004
SIGINT: [libjvm.so+0x5311f0], sa_mask[0]=0x7ffbfeff, sa_flags=0x10000004
SIGTERM: [libjvm.so+0x5311f0], sa_mask[0]=0x7ffbfeff, sa_flags=0x10000004
SIGQUIT: [libjvm.so+0x5311f0], sa_mask[0]=0x7ffbfeff, sa_flags=0x10000004


---------------  S Y S T E M  ---------------

OS:Ubuntu 11.10 (oneiric)
uname:Linux 3.0.0-15-generic #26-Ubuntu SMP Fri Jan 20 15:59:53 UTC 2012 i686
libc:glibc 2.13 NPTL 2.13 
rlimit: STACK 8192k, CORE 0k, NPROC 26047, NOFILE 4096, AS infinity
load average:0.65 0.21 0.20

/proc/meminfo:
MemTotal:        3348124 kB
MemFree:          231828 kB
Buffers:          310300 kB
Cached:          1622920 kB
SwapCached:         4168 kB
Active:          1824172 kB
Inactive:        1050876 kB
Active(anon):    1001548 kB
Inactive(anon):   287332 kB
Active(file):     822624 kB
Inactive(file):   763544 kB
Unevictable:          48 kB
Mlocked:              48 kB
HighTotal:       2489032 kB
HighFree:          31104 kB
LowTotal:         859092 kB
LowFree:          200724 kB
SwapTotal:       3905532 kB
SwapFree:        3894796 kB
Dirty:              5488 kB
Writeback:             0 kB
AnonPages:        938064 kB
Mapped:           112172 kB
Shmem:            346932 kB
Slab:             191160 kB
SReclaimable:     160676 kB
SUnreclaim:        30484 kB
KernelStack:        3416 kB
PageTables:         9800 kB
NFS_Unstable:          0 kB
Bounce:                0 kB
WritebackTmp:          0 kB
CommitLimit:     5579592 kB
Committed_AS:    3483932 kB
VmallocTotal:     122880 kB
VmallocUsed:       34172 kB
VmallocChunk:      51596 kB
HardwareCorrupted:     0 kB
AnonHugePages:         0 kB
HugePages_Total:       0
HugePages_Free:        0
HugePages_Rsvd:        0
HugePages_Surp:        0
Hugepagesize:       4096 kB
DirectMap4k:       16376 kB
DirectMap4M:      892928 kB


CPU:total 2 (2 cores per cpu, 1 threads per core) family 6 model 23 stepping 10, cmov, cx8, fxsr, mmx, sse, sse2, sse3, ssse3

Memory: 4k page, physical 3348124k(231828k free), swap 3905532k(3894796k free)

vm_info: OpenJDK Server VM (20.0-b11) for linux-x86 JRE (1.6.0_23-b23), built on Jan 20 2012 00:40:53 by "buildd" with gcc 4.6.1

time: Fri Feb 10 16:05:55 2012
elapsed time: 9 seconds

